Using pre-set license
Built from '2020.3/staging' branch; Version is '2020.3.25f1 (9b9180224418) revision 10195328'; Using compiler version '192528614'; Build Type 'Release'
OS: 'Windows 10  (10.0.19044) 64bit Professional' Language: 'es' Physical Memory: 8116 MB
BatchMode: 1, IsHumanControllingUs: 0, StartBugReporterOnCrash: 0, Is64bit: 1, IsPro: 0

COMMAND LINE ARGUMENTS:
C:\Program Files\Unity\Hub\Editor\2020.3.25f1\Editor\Unity.exe
-adb2
-batchMode
-noUpm
-name
AssetImportWorker2
-projectPath
C:/Users/Alejandro/Desktop/Tesis/Tesis/Tesis
-logFile
Logs/AssetImportWorker2.log
-srvPort
63017
Successfully changed project path to: C:/Users/Alejandro/Desktop/Tesis/Tesis/Tesis
C:/Users/Alejandro/Desktop/Tesis/Tesis/Tesis
Using Asset Import Pipeline V2.
Refreshing native plugins compatible for Editor in 94.79 ms, found 2 plugins.
Preloading 0 native plugins for Editor in 0.00 ms.
Initialize engine version: 2020.3.25f1 (9b9180224418)
[Subsystems] Discovering subsystems at path C:/Program Files/Unity/Hub/Editor/2020.3.25f1/Editor/Data/Resources/UnitySubsystems
[Subsystems] Discovering subsystems at path C:/Users/Alejandro/Desktop/Tesis/Tesis/Tesis/Assets
GfxDevice: creating device client; threaded=0
Direct3D:
    Version:  Direct3D 11.0 [level 11.1]
    Renderer: NVIDIA GeForce GTX 1660 Ti (ID=0x2182)
    Vendor:   
    VRAM:     5991 MB
    Driver:   30.0.15.1215
Initialize mono
Mono path[0] = 'C:/Program Files/Unity/Hub/Editor/2020.3.25f1/Editor/Data/Managed'
Mono path[1] = 'C:/Program Files/Unity/Hub/Editor/2020.3.25f1/Editor/Data/MonoBleedingEdge/lib/mono/unityjit'
Mono config path = 'C:/Program Files/Unity/Hub/Editor/2020.3.25f1/Editor/Data/MonoBleedingEdge/etc'
Using monoOptions --debugger-agent=transport=dt_socket,embedding=1,server=y,suspend=n,address=127.0.0.1:56128
Begin MonoManager ReloadAssembly
Registering precompiled unity dll's ...
Register platform support module: C:/Program Files/Unity/Hub/Editor/2020.3.25f1/Editor/Data/PlaybackEngines/WebGLSupport/UnityEditor.WebGL.Extensions.dll
Register platform support module: C:/Program Files/Unity/Hub/Editor/2020.3.25f1/Editor/Data/PlaybackEngines/MacStandaloneSupport/UnityEditor.OSXStandalone.Extensions.dll
Register platform support module: C:/Program Files/Unity/Hub/Editor/2020.3.25f1/Editor/Data/PlaybackEngines/WindowsStandaloneSupport/UnityEditor.WindowsStandalone.Extensions.dll
Register platform support module: C:/Program Files/Unity/Hub/Editor/2020.3.25f1/Editor/Data/PlaybackEngines/LinuxStandaloneSupport/UnityEditor.LinuxStandalone.Extensions.dll
Registered in 0.011614 seconds.
Native extension for LinuxStandalone target not found
Native extension for WindowsStandalone target not found
Native extension for OSXStandalone target not found
Native extension for WebGL target not found
Refreshing native plugins compatible for Editor in 85.81 ms, found 2 plugins.
Preloading 0 native plugins for Editor in 0.00 ms.
Mono: successfully reloaded assembly
- Completed reload, in  0.635 seconds
Domain Reload Profiling:
	ReloadAssembly (636ms)
		BeginReloadAssembly (51ms)
			ExecutionOrderSort (0ms)
			DisableScriptedObjects (0ms)
			BackupInstance (0ms)
			ReleaseScriptingObjects (0ms)
			CreateAndSetChildDomain (1ms)
		EndReloadAssembly (506ms)
			LoadAssemblies (51ms)
			RebuildTransferFunctionScriptingTraits (0ms)
			SetupTypeCache (150ms)
			ReleaseScriptCaches (0ms)
			RebuildScriptCaches (34ms)
			SetupLoadedEditorAssemblies (219ms)
				LogAssemblyErrors (0ms)
				InitializePlatformSupportModulesInManaged (14ms)
				SetLoadedEditorAssemblies (0ms)
				RefreshPlugins (86ms)
				BeforeProcessingInitializeOnLoad (12ms)
				ProcessInitializeOnLoadAttributes (76ms)
				ProcessInitializeOnLoadMethodAttributes (31ms)
				AfterProcessingInitializeOnLoad (0ms)
				EditorAssembliesLoaded (0ms)
			ExecutionOrderSort2 (0ms)
			AwakeInstancesAfterBackupRestoration (0ms)
Platform modules already initialized, skipping
Registering precompiled user dll's ...
Registered in 0.028613 seconds.
Begin MonoManager ReloadAssembly
Native extension for LinuxStandalone target not found
Native extension for WindowsStandalone target not found
Native extension for OSXStandalone target not found
Native extension for WebGL target not found
Refreshing native plugins compatible for Editor in 87.33 ms, found 2 plugins.
Preloading 0 native plugins for Editor in 0.00 ms.
Mono: successfully reloaded assembly
- Completed reload, in 10.032 seconds
Domain Reload Profiling:
	ReloadAssembly (10041ms)
		BeginReloadAssembly (135ms)
			ExecutionOrderSort (0ms)
			DisableScriptedObjects (4ms)
			BackupInstance (0ms)
			ReleaseScriptingObjects (0ms)
			CreateAndSetChildDomain (19ms)
		EndReloadAssembly (9843ms)
			LoadAssemblies (4035ms)
			RebuildTransferFunctionScriptingTraits (0ms)
			SetupTypeCache (1236ms)
			ReleaseScriptCaches (1ms)
			RebuildScriptCaches (79ms)
			SetupLoadedEditorAssemblies (4366ms)
				LogAssemblyErrors (0ms)
				InitializePlatformSupportModulesInManaged (6ms)
				SetLoadedEditorAssemblies (0ms)
				RefreshPlugins (87ms)
				BeforeProcessingInitializeOnLoad (100ms)
				ProcessInitializeOnLoadAttributes (3369ms)
				ProcessInitializeOnLoadMethodAttributes (798ms)
				AfterProcessingInitializeOnLoad (5ms)
				EditorAssembliesLoaded (0ms)
			ExecutionOrderSort2 (0ms)
			AwakeInstancesAfterBackupRestoration (7ms)
Platform modules already initialized, skipping
========================================================================
Worker process is ready to serve import requests
Launched and connected shader compiler UnityShaderCompiler.exe after 0.09 seconds
Refreshing native plugins compatible for Editor in 1.09 ms, found 2 plugins.
Preloading 0 native plugins for Editor in 0.00 ms.
Unloading 4091 Unused Serialized files (Serialized files now loaded: 0)
System memory in use before: 231.5 MB.
System memory in use after: 231.6 MB.

Unloading 33 unused Assets to reduce memory usage. Loaded Objects now: 4543.
Total: 13.842500 ms (FindLiveObjects: 0.373300 ms CreateObjectMapping: 0.271500 ms MarkObjects: 12.100900 ms  DeleteObjects: 0.772700 ms)

AssetImportParameters requested are different than current active one (requested -> active):
  custom:framework-win-MediaFoundation: 216162199b28c13a410421893ffa2e32 -> 
  custom:video-decoder-ogg-theora: a1e56fd34408186e4bbccfd4996cb3dc -> 
  custom:container-muxer-webm: aa71ff27fc2769a1b78a27578f13a17b -> 
  custom:container-demuxer-webm: 4f35f7cbe854078d1ac9338744f61a02 -> 
  custom:container-demuxer-ogg: 62fdf1f143b41e24485cea50d1cbac27 -> 
  custom:video-encoder-webm-vp8: eb34c28f22e8b96e1ab97ce403110664 -> 
  custom:video-decoder-webm-vp8: 9c59270c3fd7afecdb556c50c9e8de78 -> 
  custom:audio-decoder-ogg-vorbis: bf7c407c2cedff20999df2af8eb42d56 -> 
  custom:audio-encoder-webm-vorbis: bf7c407c2cedff20999df2af8eb42d56 -> 
========================================================================
Received Import Request.
  path: Assets/Building/Casita/Casita.mat
  artifactKey: Guid(54c003c6e0130b44dab1950502591a4e) Importer(815301076,1909f56bfc062723c751e8b465ee728b)
Start importing Assets/Building/Casita/Casita.mat using Guid(54c003c6e0130b44dab1950502591a4e) Importer(815301076,1909f56bfc062723c751e8b465ee728b)  -> (artifact id: '63c97ad184f33c5eacbe3b949a8ab4ed') in 0.348319 seconds 
  Import took 0.360045 seconds .

========================================================================
Received Import Request.
  Time since last request: 0.000286 seconds.
  path: Packages/com.unity.searcher/Editor/Resources/FlatSkin/Font/Roboto-Thin.ttf
  artifactKey: Guid(19a9abb883540be48b75b951a927ae03) Importer(815301076,1909f56bfc062723c751e8b465ee728b)
Start importing Packages/com.unity.searcher/Editor/Resources/FlatSkin/Font/Roboto-Thin.ttf using Guid(19a9abb883540be48b75b951a927ae03) Importer(815301076,1909f56bfc062723c751e8b465ee728b)  -> (artifact id: 'e546ab6cdca899bff6c13129bceee71d') in 0.049558 seconds 
  Import took 0.059101 seconds .

========================================================================
Received Import Request.
  Time since last request: 0.000243 seconds.
  path: Packages/com.unity.searcher/Editor/Resources/FlatSkin/Font/Roboto-BoldItalic.ttf
  artifactKey: Guid(dfb97a9307a577a41bcacba34b9a7e32) Importer(815301076,1909f56bfc062723c751e8b465ee728b)
Start importing Packages/com.unity.searcher/Editor/Resources/FlatSkin/Font/Roboto-BoldItalic.ttf using Guid(dfb97a9307a577a41bcacba34b9a7e32) Importer(815301076,1909f56bfc062723c751e8b465ee728b)  -> (artifact id: '9a19c6483342045242b4acd4e1199bfe') in 0.029099 seconds 
  Import took 0.038035 seconds .

========================================================================
Received Import Request.
  Time since last request: 0.000250 seconds.
  path: Assets/Building/Barrel/Barrel 2/Metallic_Barrel2.mat
  artifactKey: Guid(98a344df0ea70de438ca15c3af748db9) Importer(815301076,1909f56bfc062723c751e8b465ee728b)
Start importing Assets/Building/Barrel/Barrel 2/Metallic_Barrel2.mat using Guid(98a344df0ea70de438ca15c3af748db9) Importer(815301076,1909f56bfc062723c751e8b465ee728b)  -> (artifact id: 'd1d4989b10793a0bb71937e0f9b5c00c') in 0.042426 seconds 
  Import took 0.051384 seconds .

========================================================================
Received Import Request.
  Time since last request: 0.000232 seconds.
  path: Assets/Building/Casita4/Spout.mat
  artifactKey: Guid(e9ca64f80b4d1cf4390cb0f9d59f9991) Importer(815301076,1909f56bfc062723c751e8b465ee728b)
Start importing Assets/Building/Casita4/Spout.mat using Guid(e9ca64f80b4d1cf4390cb0f9d59f9991) Importer(815301076,1909f56bfc062723c751e8b465ee728b)  -> (artifact id: 'b78010718db0e7de5e3aced701c546c0') in 0.038057 seconds 
  Import took 0.046801 seconds .

========================================================================
Received Import Request.
  Time since last request: 0.000247 seconds.
  path: Assets/Building/Barrel/Barrel/Wood.mat
  artifactKey: Guid(ff8557843f5ba3a4bbfe53fc7c6c8738) Importer(815301076,1909f56bfc062723c751e8b465ee728b)
Start importing Assets/Building/Barrel/Barrel/Wood.mat using Guid(ff8557843f5ba3a4bbfe53fc7c6c8738) Importer(815301076,1909f56bfc062723c751e8b465ee728b)  -> (artifact id: '350453a428b64c482b8db4e4d67cc77c') in 0.057285 seconds 
  Import took 0.068141 seconds .

========================================================================
Received Import Request.
  Time since last request: 0.000429 seconds.
  path: Packages/com.unity.terrain-tools/Editor/TerrainToolbox/Materials/TerrainVisualization.mat
  artifactKey: Guid(05b9a38dd90fbaa4aa4bacef38c03e4f) Importer(815301076,1909f56bfc062723c751e8b465ee728b)
Start importing Packages/com.unity.terrain-tools/Editor/TerrainToolbox/Materials/TerrainVisualization.mat using Guid(05b9a38dd90fbaa4aa4bacef38c03e4f) Importer(815301076,1909f56bfc062723c751e8b465ee728b)  -> (artifact id: 'e4901390948cf4f7aeae07908b400c7e') in 0.589131 seconds 
  Import took 0.597811 seconds .

========================================================================
Received Import Request.
  Time since last request: 0.000231 seconds.
  path: Assets/Building/Bookstore/Bookstore.mat
  artifactKey: Guid(5389930b376a5bc40a38379b97612bff) Importer(815301076,1909f56bfc062723c751e8b465ee728b)
Start importing Assets/Building/Bookstore/Bookstore.mat using Guid(5389930b376a5bc40a38379b97612bff) Importer(815301076,1909f56bfc062723c751e8b465ee728b)  -> (artifact id: '222042f57848adcc2453a9a09eb276fb') in 0.047921 seconds 
  Import took 0.057514 seconds .

========================================================================
Received Import Request.
  Time since last request: 0.000326 seconds.
  path: Assets/Building/Casita4/Entrada.mat
  artifactKey: Guid(1c68fc099e3df414cbf45e916324a0b9) Importer(815301076,1909f56bfc062723c751e8b465ee728b)
Start importing Assets/Building/Casita4/Entrada.mat using Guid(1c68fc099e3df414cbf45e916324a0b9) Importer(815301076,1909f56bfc062723c751e8b465ee728b)  -> (artifact id: '2b5d7e352fc5e0f72f275bd91290cb57') in 0.046426 seconds 
  Import took 0.053709 seconds .

========================================================================
Received Import Request.
  Time since last request: 0.000335 seconds.
  path: Assets/Models/Puzzle/Circles.mat
  artifactKey: Guid(da07c04bf2b9d6a41bc2f027ad31c7ca) Importer(815301076,1909f56bfc062723c751e8b465ee728b)
Start importing Assets/Models/Puzzle/Circles.mat using Guid(da07c04bf2b9d6a41bc2f027ad31c7ca) Importer(815301076,1909f56bfc062723c751e8b465ee728b)  -> (artifact id: 'c3f70f665c631320ea82f420ce6f909c') in 0.039907 seconds 
  Import took 0.047513 seconds .

========================================================================
Received Import Request.
  Time since last request: 0.000241 seconds.
  path: Assets/Animaciones/Pro Sword and Shield Pack/Paladin_MAT.mat
  artifactKey: Guid(ef842dcb92ec6254dbdd57d0a5f7415d) Importer(815301076,1909f56bfc062723c751e8b465ee728b)
Start importing Assets/Animaciones/Pro Sword and Shield Pack/Paladin_MAT.mat using Guid(ef842dcb92ec6254dbdd57d0a5f7415d) Importer(815301076,1909f56bfc062723c751e8b465ee728b)  -> (artifact id: '6a5e271a0c8af8965734712cbf27ba2b') in 0.038771 seconds 
  Import took 0.048225 seconds .

========================================================================
Received Import Request.
  Time since last request: 0.000191 seconds.
  path: Assets/Building/Barrel/Barrel 3/Woos_Barrel3.mat
  artifactKey: Guid(6b375c39ebaeb4d459315f96e684511f) Importer(815301076,1909f56bfc062723c751e8b465ee728b)
Start importing Assets/Building/Barrel/Barrel 3/Woos_Barrel3.mat using Guid(6b375c39ebaeb4d459315f96e684511f) Importer(815301076,1909f56bfc062723c751e8b465ee728b)  -> (artifact id: '3a451b7e0d990f9243ed0bef19de42e2') in 0.042276 seconds 
  Import took 0.050483 seconds .

========================================================================
Received Import Request.
  Time since last request: 0.000271 seconds.
  path: Packages/com.unity.searcher/Editor/Resources/FlatSkin/Font/Roboto-MediumItalic.ttf
  artifactKey: Guid(d93c1bc57fdf1ac4dad1bf04fac05464) Importer(815301076,1909f56bfc062723c751e8b465ee728b)
Start importing Packages/com.unity.searcher/Editor/Resources/FlatSkin/Font/Roboto-MediumItalic.ttf using Guid(d93c1bc57fdf1ac4dad1bf04fac05464) Importer(815301076,1909f56bfc062723c751e8b465ee728b)  -> (artifact id: '81cbb825cdfdd89519f6c082eb60c451') in 0.029250 seconds 
  Import took 0.039533 seconds .

========================================================================
Received Import Request.
  Time since last request: 0.000313 seconds.
  path: Assets/Building/Fountain/Fountain_Base.mat
  artifactKey: Guid(60116a8a44461b847903b23e45856c03) Importer(815301076,1909f56bfc062723c751e8b465ee728b)
Start importing Assets/Building/Fountain/Fountain_Base.mat using Guid(60116a8a44461b847903b23e45856c03) Importer(815301076,1909f56bfc062723c751e8b465ee728b)  -> (artifact id: '1cfeea85d627306fbf8a05a784a16713') in 0.046502 seconds 
  Import took 0.056090 seconds .

========================================================================
Received Import Request.
  Time since last request: 0.000310 seconds.
  path: Assets/Unity Demo/ExampleAssets/Materials/Plastic_Transparent.mat
  artifactKey: Guid(8a38b7350df9a9c438e568993a00e5c5) Importer(815301076,1909f56bfc062723c751e8b465ee728b)
Start importing Assets/Unity Demo/ExampleAssets/Materials/Plastic_Transparent.mat using Guid(8a38b7350df9a9c438e568993a00e5c5) Importer(815301076,1909f56bfc062723c751e8b465ee728b)  -> (artifact id: 'a1a2c4911732ab1895e6bb4c6d382814') in 0.022772 seconds 
  Import took 0.031951 seconds .

========================================================================
Received Import Request.
  Time since last request: 0.000200 seconds.
  path: Packages/com.unity.render-pipelines.universal/Runtime/Materials/TerrainLit.mat
  artifactKey: Guid(594ea882c5a793440b60ff72d896021e) Importer(815301076,1909f56bfc062723c751e8b465ee728b)
Start importing Packages/com.unity.render-pipelines.universal/Runtime/Materials/TerrainLit.mat using Guid(594ea882c5a793440b60ff72d896021e) Importer(815301076,1909f56bfc062723c751e8b465ee728b)  -> (artifact id: 'db9aec0391899b041fa150a21f0d5646') in 0.023814 seconds 
  Import took 0.031482 seconds .

========================================================================
Received Import Request.
  Time since last request: 0.000211 seconds.
  path: Assets/Building/Lamp/Window.mat
  artifactKey: Guid(0e036b137d74155458c5faf45e25b028) Importer(815301076,1909f56bfc062723c751e8b465ee728b)
Start importing Assets/Building/Lamp/Window.mat using Guid(0e036b137d74155458c5faf45e25b028) Importer(815301076,1909f56bfc062723c751e8b465ee728b)  -> (artifact id: '1e34e7eb52e25f35ed8b576b866d901b') in 0.046399 seconds 
  Import took 0.053943 seconds .

========================================================================
Received Import Request.
  Time since last request: 0.000230 seconds.
  path: Packages/com.unity.render-pipelines.universal/Runtime/Materials/Sprite-Unlit-Default.mat
  artifactKey: Guid(9dfc825aed78fcd4ba02077103263b40) Importer(815301076,1909f56bfc062723c751e8b465ee728b)
Start importing Packages/com.unity.render-pipelines.universal/Runtime/Materials/Sprite-Unlit-Default.mat using Guid(9dfc825aed78fcd4ba02077103263b40) Importer(815301076,1909f56bfc062723c751e8b465ee728b)  -> (artifact id: '3dc837b22dad5c9afcddefa703e0bc63') in 0.022740 seconds 
  Import took 0.030104 seconds .

========================================================================
Received Import Request.
  Time since last request: 0.000186 seconds.
  path: Assets/Building/Casita3/Windows.mat
  artifactKey: Guid(47dd062d0d2cd8e42a6208ed9043e4e6) Importer(815301076,1909f56bfc062723c751e8b465ee728b)
Start importing Assets/Building/Casita3/Windows.mat using Guid(47dd062d0d2cd8e42a6208ed9043e4e6) Importer(815301076,1909f56bfc062723c751e8b465ee728b)  -> (artifact id: '7354bd5d0b7728d5c1aa326c989ca904') in 0.042194 seconds 
  Import took 0.049653 seconds .

========================================================================
Received Import Request.
  Time since last request: 0.000248 seconds.
  path: Assets/Building/Barrel/Barrel 2/Wood_Barrel2.mat
  artifactKey: Guid(7e64fa5b17a7bca4c86d9dced9a63224) Importer(815301076,1909f56bfc062723c751e8b465ee728b)
Start importing Assets/Building/Barrel/Barrel 2/Wood_Barrel2.mat using Guid(7e64fa5b17a7bca4c86d9dced9a63224) Importer(815301076,1909f56bfc062723c751e8b465ee728b)  -> (artifact id: 'a0b34c2f0e9be425c84f15068350492f') in 0.038396 seconds 
  Import took 0.046136 seconds .

========================================================================
Received Import Request.
  Time since last request: 0.000205 seconds.
  path: Packages/com.unity.render-pipelines.universal/Runtime/Materials/SimpleLit.mat
  artifactKey: Guid(6a1143ee683302f4aa628c052723efc1) Importer(815301076,1909f56bfc062723c751e8b465ee728b)
Start importing Packages/com.unity.render-pipelines.universal/Runtime/Materials/SimpleLit.mat using Guid(6a1143ee683302f4aa628c052723efc1) Importer(815301076,1909f56bfc062723c751e8b465ee728b)  -> (artifact id: '4193ea014fb52272aa79e827f0b902d4') in 0.382779 seconds 
  Import took 0.391399 seconds .

========================================================================
Received Import Request.
  Time since last request: 0.000785 seconds.
  path: Assets/TextMesh Pro/Resources/Fonts & Materials/LiberationSans SDF - Fallback.asset
  artifactKey: Guid(2e498d1c8094910479dc3e1b768306a4) Importer(815301076,1909f56bfc062723c751e8b465ee728b)
Start importing Assets/TextMesh Pro/Resources/Fonts & Materials/LiberationSans SDF - Fallback.asset using Guid(2e498d1c8094910479dc3e1b768306a4) Importer(815301076,1909f56bfc062723c751e8b465ee728b)  -> (artifact id: '74ce6ca2b5d2ae88339655dfa828c57c') in 0.065156 seconds 
  Import took 0.072836 seconds .

========================================================================
Received Import Request.
  Time since last request: 0.000252 seconds.
  path: Assets/Models/Tree/Leaves_Mat.mat
  artifactKey: Guid(a8b18a92737a6954688c37e1dca245ca) Importer(815301076,1909f56bfc062723c751e8b465ee728b)
Start importing Assets/Models/Tree/Leaves_Mat.mat using Guid(a8b18a92737a6954688c37e1dca245ca) Importer(815301076,1909f56bfc062723c751e8b465ee728b)  -> (artifact id: 'f8dcaec089891fd2f5c6982c7008ad7d') in 0.042532 seconds 
  Import took 0.051979 seconds .

========================================================================
Received Import Request.
  Time since last request: 0.000324 seconds.
  path: Assets/Unity Demo/ExampleAssets/Materials/Plastic_Gray_Mat.mat
  artifactKey: Guid(4dad30bbe2213eb4d8312f7bb6190866) Importer(815301076,1909f56bfc062723c751e8b465ee728b)
Start importing Assets/Unity Demo/ExampleAssets/Materials/Plastic_Gray_Mat.mat using Guid(4dad30bbe2213eb4d8312f7bb6190866) Importer(815301076,1909f56bfc062723c751e8b465ee728b)  -> (artifact id: '23117dde90db9f21084cd1fc1c8e73a5') in 0.041532 seconds 
  Import took 0.049957 seconds .

========================================================================
Received Import Request.
  Time since last request: 0.000384 seconds.
  path: Packages/com.unity.searcher/Editor/Resources/FlatSkin/Font/Roboto-Black.ttf
  artifactKey: Guid(1062c701058745940ae5dca6219c64c8) Importer(815301076,1909f56bfc062723c751e8b465ee728b)
Start importing Packages/com.unity.searcher/Editor/Resources/FlatSkin/Font/Roboto-Black.ttf using Guid(1062c701058745940ae5dca6219c64c8) Importer(815301076,1909f56bfc062723c751e8b465ee728b)  -> (artifact id: 'da8cbc8e98e1722ba83daca9abce99c1') in 0.027736 seconds 
  Import took 0.036713 seconds .

========================================================================
Received Import Request.
  Time since last request: 0.000322 seconds.
  path: Assets/Building/Box/Box.mat
  artifactKey: Guid(5678d96c49f801e47891b7d406f759bc) Importer(815301076,1909f56bfc062723c751e8b465ee728b)
Start importing Assets/Building/Box/Box.mat using Guid(5678d96c49f801e47891b7d406f759bc) Importer(815301076,1909f56bfc062723c751e8b465ee728b)  -> (artifact id: 'a8daf92dd5c6c0097115771107efa208') in 0.049903 seconds 
  Import took 0.058070 seconds .

========================================================================
Received Import Request.
  Time since last request: 0.000275 seconds.
  path: Assets/Building/Casita3/Chimenea.mat
  artifactKey: Guid(730a879d4d78d154aa21bb11686edfec) Importer(815301076,1909f56bfc062723c751e8b465ee728b)
Start importing Assets/Building/Casita3/Chimenea.mat using Guid(730a879d4d78d154aa21bb11686edfec) Importer(815301076,1909f56bfc062723c751e8b465ee728b)  -> (artifact id: '89154d77116d891e52971b66bf2283f9') in 0.045814 seconds 
  Import took 0.053728 seconds .

========================================================================
Received Import Request.
  Time since last request: 0.000258 seconds.
  path: Assets/Materials/Filament HDR.mat
  artifactKey: Guid(d9918fd3ccdb0c24686ce66673c2430d) Importer(815301076,1909f56bfc062723c751e8b465ee728b)
Start importing Assets/Materials/Filament HDR.mat using Guid(d9918fd3ccdb0c24686ce66673c2430d) Importer(815301076,1909f56bfc062723c751e8b465ee728b)  -> (artifact id: 'a190ed2d1256c8a104596a5137a389a2') in 0.032397 seconds 
  Import took 0.039553 seconds .

========================================================================
Received Import Request.
  Time since last request: 0.000338 seconds.
  path: Assets/Building/Fountain/Fountain.mat
  artifactKey: Guid(72833eecf4ed82940864c6f2780d4114) Importer(815301076,1909f56bfc062723c751e8b465ee728b)
Start importing Assets/Building/Fountain/Fountain.mat using Guid(72833eecf4ed82940864c6f2780d4114) Importer(815301076,1909f56bfc062723c751e8b465ee728b)  -> (artifact id: 'b5e9057541539c5872643abc738af7f7') in 0.048861 seconds 
  Import took 0.056022 seconds .

========================================================================
Received Import Request.
  Time since last request: 0.000251 seconds.
  path: Assets/Building/Lamp/Metallic.mat
  artifactKey: Guid(91d9d5c619857fe45b550a603b4c4ffb) Importer(815301076,1909f56bfc062723c751e8b465ee728b)
Start importing Assets/Building/Lamp/Metallic.mat using Guid(91d9d5c619857fe45b550a603b4c4ffb) Importer(815301076,1909f56bfc062723c751e8b465ee728b)  -> (artifact id: 'af708d16ddea72cb70a3aaddf9d924ed') in 0.046308 seconds 
  Import took 0.053701 seconds .

========================================================================
Received Import Request.
  Time since last request: 0.000245 seconds.
  path: Assets/Building/Casita3/Spout.mat
  artifactKey: Guid(e4a5b3b5b33af59469bc460ae7f78679) Importer(815301076,1909f56bfc062723c751e8b465ee728b)
Start importing Assets/Building/Casita3/Spout.mat using Guid(e4a5b3b5b33af59469bc460ae7f78679) Importer(815301076,1909f56bfc062723c751e8b465ee728b)  -> (artifact id: '1612d9f41d83802d5b41170fa8c30cfc') in 0.039440 seconds 
  Import took 0.046234 seconds .

========================================================================
Received Import Request.
  Time since last request: 0.000263 seconds.
  path: Assets/Unity Demo/ExampleAssets/Materials/PaintLabel_Mat.mat
  artifactKey: Guid(3da4aad06945bbf4baf801c2aacbc01e) Importer(815301076,1909f56bfc062723c751e8b465ee728b)
Start importing Assets/Unity Demo/ExampleAssets/Materials/PaintLabel_Mat.mat using Guid(3da4aad06945bbf4baf801c2aacbc01e) Importer(815301076,1909f56bfc062723c751e8b465ee728b)  -> (artifact id: 'ca01ceb4eb556d0ed358bd3991acbb79') in 0.036877 seconds 
  Import took 0.044176 seconds .

========================================================================
Received Import Request.
  Time since last request: 0.000236 seconds.
  path: Packages/com.unity.searcher/Editor/Resources/FlatSkin/Font/Roboto-Regular.ttf
  artifactKey: Guid(30dc370b164eefc43b95744fc796dad0) Importer(815301076,1909f56bfc062723c751e8b465ee728b)
Start importing Packages/com.unity.searcher/Editor/Resources/FlatSkin/Font/Roboto-Regular.ttf using Guid(30dc370b164eefc43b95744fc796dad0) Importer(815301076,1909f56bfc062723c751e8b465ee728b)  -> (artifact id: 'fe80f27e5dc98c3ff6d76c9297f0650c') in 0.025794 seconds 
  Import took 0.033031 seconds .

========================================================================
Received Import Request.
  Time since last request: 0.000302 seconds.
  path: Assets/Unity Demo/ExampleAssets/Materials/Plastic_Ridges_Mat.mat
  artifactKey: Guid(c05de7c865075334786e6a47a543af72) Importer(815301076,1909f56bfc062723c751e8b465ee728b)
Start importing Assets/Unity Demo/ExampleAssets/Materials/Plastic_Ridges_Mat.mat using Guid(c05de7c865075334786e6a47a543af72) Importer(815301076,1909f56bfc062723c751e8b465ee728b)  -> (artifact id: '68f6dfe0076d024dda000f84058488aa') in 0.048330 seconds 
  Import took 0.057167 seconds .

========================================================================
Received Import Request.
  Time since last request: 0.000225 seconds.
  path: Packages/com.unity.render-pipelines.universal/Runtime/Materials/Sprite-Lit-Default.mat
  artifactKey: Guid(a97c105638bdf8b4a8650670310a4cd3) Importer(815301076,1909f56bfc062723c751e8b465ee728b)
Start importing Packages/com.unity.render-pipelines.universal/Runtime/Materials/Sprite-Lit-Default.mat using Guid(a97c105638bdf8b4a8650670310a4cd3) Importer(815301076,1909f56bfc062723c751e8b465ee728b)  -> (artifact id: 'cbf71d48645b4137c3fdde14caf1f63f') in 0.021944 seconds 
  Import took 0.030876 seconds .

========================================================================
Received Import Request.
  Time since last request: 0.000298 seconds.
  path: Assets/Building/Barrel/Barrel 3/Corcho_Barrel3.mat
  artifactKey: Guid(b45c5fd007f91ba4c9b5f887b1d78e76) Importer(815301076,1909f56bfc062723c751e8b465ee728b)
Start importing Assets/Building/Barrel/Barrel 3/Corcho_Barrel3.mat using Guid(b45c5fd007f91ba4c9b5f887b1d78e76) Importer(815301076,1909f56bfc062723c751e8b465ee728b)  -> (artifact id: '11c0bfa6c63010edf4e51ae91b0726db') in 0.044456 seconds 
  Import took 0.052833 seconds .

========================================================================
Received Import Request.
  Time since last request: 0.000313 seconds.
  path: Assets/Materials/HookLine.mat
  artifactKey: Guid(0909bb32bcd2b0940b9dc7abae5667aa) Importer(815301076,1909f56bfc062723c751e8b465ee728b)
Start importing Assets/Materials/HookLine.mat using Guid(0909bb32bcd2b0940b9dc7abae5667aa) Importer(815301076,1909f56bfc062723c751e8b465ee728b)  -> (artifact id: '40caca82bfd1c87081d2ec09a613a085') in 0.022728 seconds 
  Import took 0.030887 seconds .

========================================================================
Received Import Request.
  Time since last request: 0.000296 seconds.
  path: Assets/Building/Casita2/Casita2.mat
  artifactKey: Guid(c70a922624b755947b9346928a4fa97f) Importer(815301076,1909f56bfc062723c751e8b465ee728b)
Start importing Assets/Building/Casita2/Casita2.mat using Guid(c70a922624b755947b9346928a4fa97f) Importer(815301076,1909f56bfc062723c751e8b465ee728b)  -> (artifact id: '77d77456607f034564664b458b357d64') in 0.045382 seconds 
  Import took 0.052535 seconds .

========================================================================
Received Import Request.
  Time since last request: 0.000251 seconds.
  path: Packages/com.unity.render-pipelines.universal/Runtime/Materials/Lit.mat
  artifactKey: Guid(31321ba15b8f8eb4c954353edc038b1d) Importer(815301076,1909f56bfc062723c751e8b465ee728b)
Start importing Packages/com.unity.render-pipelines.universal/Runtime/Materials/Lit.mat using Guid(31321ba15b8f8eb4c954353edc038b1d) Importer(815301076,1909f56bfc062723c751e8b465ee728b)  -> (artifact id: '97a46e45ab72210011683b98bb693f19') in 0.022492 seconds 
  Import took 0.029536 seconds .

========================================================================
Received Import Request.
  Time since last request: 0.000294 seconds.
  path: Assets/Unity Demo/ExampleAssets/Materials/Stud_Mat.mat
  artifactKey: Guid(027cb3d3d7dc79d41ad763e01759de07) Importer(815301076,1909f56bfc062723c751e8b465ee728b)
Start importing Assets/Unity Demo/ExampleAssets/Materials/Stud_Mat.mat using Guid(027cb3d3d7dc79d41ad763e01759de07) Importer(815301076,1909f56bfc062723c751e8b465ee728b)  -> (artifact id: '148c8c44127857bd68a2fa0cbb860f6a') in 0.041774 seconds 
  Import took 0.048998 seconds .

========================================================================
Received Import Request.
  Time since last request: 0.000376 seconds.
  path: Assets/Models/Tree/Trunk_Mat.mat
  artifactKey: Guid(a02481a8501b337479c09145959b345a) Importer(815301076,1909f56bfc062723c751e8b465ee728b)
Start importing Assets/Models/Tree/Trunk_Mat.mat using Guid(a02481a8501b337479c09145959b345a) Importer(815301076,1909f56bfc062723c751e8b465ee728b)  -> (artifact id: 'f04b0903ba6e60f69cfb234c17cb58b8') in 0.041072 seconds 
  Import took 0.047543 seconds .

========================================================================
Received Import Request.
  Time since last request: 0.000296 seconds.
  path: Packages/com.unity.render-pipelines.core/Runtime/Debugging/Prefabs/Fonts/Perfect DOS VGA 437.ttf
  artifactKey: Guid(74a5091d8707f334b9a5c31ef71a64ba) Importer(815301076,1909f56bfc062723c751e8b465ee728b)
Start importing Packages/com.unity.render-pipelines.core/Runtime/Debugging/Prefabs/Fonts/Perfect DOS VGA 437.ttf using Guid(74a5091d8707f334b9a5c31ef71a64ba) Importer(815301076,1909f56bfc062723c751e8b465ee728b)  -> (artifact id: 'ca91db08ed2b2ee29570b7404c3ed2ba') in 0.027568 seconds 
  Import took 0.035337 seconds .

========================================================================
Received Import Request.
  Time since last request: 0.000309 seconds.
  path: Assets/Building/Casita4/Window.mat
  artifactKey: Guid(9054792478c25254f8a56a8bdf3b6e6c) Importer(815301076,1909f56bfc062723c751e8b465ee728b)
Start importing Assets/Building/Casita4/Window.mat using Guid(9054792478c25254f8a56a8bdf3b6e6c) Importer(815301076,1909f56bfc062723c751e8b465ee728b)  -> (artifact id: 'bf026fca25bf8cdfb7dd3c92bc2f20ea') in 0.044218 seconds 
  Import took 0.051726 seconds .

========================================================================
Received Import Request.
  Time since last request: 0.000248 seconds.
  path: Assets/Building/Casita4/Ladder.mat
  artifactKey: Guid(526f4ccbfab17d54e93d8ffd2f7f3169) Importer(815301076,1909f56bfc062723c751e8b465ee728b)
Start importing Assets/Building/Casita4/Ladder.mat using Guid(526f4ccbfab17d54e93d8ffd2f7f3169) Importer(815301076,1909f56bfc062723c751e8b465ee728b)  -> (artifact id: '6eb2f6920c94f29a621a044bfb7ee3ec') in 0.042170 seconds 
  Import took 0.049745 seconds .

========================================================================
Received Import Request.
  Time since last request: 0.000281 seconds.
  path: Assets/Building/ParkBench/MetallicBancos.mat
  artifactKey: Guid(9a6f92d3e81980e4c8780baa236b8f1d) Importer(815301076,1909f56bfc062723c751e8b465ee728b)
Start importing Assets/Building/ParkBench/MetallicBancos.mat using Guid(9a6f92d3e81980e4c8780baa236b8f1d) Importer(815301076,1909f56bfc062723c751e8b465ee728b)  -> (artifact id: 'cf599c22bd1f750a21b984d44bcde580') in 0.044457 seconds 
  Import took 0.052646 seconds .

========================================================================
Received Import Request.
  Time since last request: 0.000195 seconds.
  path: Assets/Building/Box/Box2.mat
  artifactKey: Guid(db7ac398de71b924cbc430e50db7c089) Importer(815301076,1909f56bfc062723c751e8b465ee728b)
Start importing Assets/Building/Box/Box2.mat using Guid(db7ac398de71b924cbc430e50db7c089) Importer(815301076,1909f56bfc062723c751e8b465ee728b)  -> (artifact id: '5a98398834e90b74e540d27901e511ff') in 0.037694 seconds 
  Import took 0.044482 seconds .

========================================================================
Received Import Request.
  Time since last request: 0.000209 seconds.
  path: Assets/Building/Barrel/Barrel 3/Metallic_Barrel3.mat
  artifactKey: Guid(15006137522ec5648ba00eee6f43fe94) Importer(815301076,1909f56bfc062723c751e8b465ee728b)
Start importing Assets/Building/Barrel/Barrel 3/Metallic_Barrel3.mat using Guid(15006137522ec5648ba00eee6f43fe94) Importer(815301076,1909f56bfc062723c751e8b465ee728b)  -> (artifact id: '0ff4c95ee52d9dd67afc963dae06e13f') in 0.035456 seconds 
  Import took 0.043701 seconds .

========================================================================
Received Import Request.
  Time since last request: 0.000237 seconds.
  path: Assets/Building/Spider/Spider Filament.mat
  artifactKey: Guid(bee16147cc77a994fb44a1a83a65f7b4) Importer(815301076,1909f56bfc062723c751e8b465ee728b)
Start importing Assets/Building/Spider/Spider Filament.mat using Guid(bee16147cc77a994fb44a1a83a65f7b4) Importer(815301076,1909f56bfc062723c751e8b465ee728b)  -> (artifact id: 'ddae9a22e1a92697dc92b4ae92573ac7') in 0.066166 seconds 
  Import took 0.074527 seconds .

========================================================================
Received Import Request.
  Time since last request: 0.000215 seconds.
  path: Assets/Building/Barrel/Barrel/Corcho.mat
  artifactKey: Guid(244b75e0e0f29ff41886ca08cc39b375) Importer(815301076,1909f56bfc062723c751e8b465ee728b)
Start importing Assets/Building/Barrel/Barrel/Corcho.mat using Guid(244b75e0e0f29ff41886ca08cc39b375) Importer(815301076,1909f56bfc062723c751e8b465ee728b)  -> (artifact id: 'c4153cf783f5c728d754f75fb7eed4dd') in 0.046447 seconds 
  Import took 0.056598 seconds .

========================================================================
Received Import Request.
  Time since last request: 0.000246 seconds.
  path: Assets/Conifers [BOTD]/Render Pipeline Support/Built-in RP/Sources/Materials/M Conifer Bark Array BODT.mat
  artifactKey: Guid(a7e78992c7c5347a29bb4ad9b987be59) Importer(815301076,1909f56bfc062723c751e8b465ee728b)
Start importing Assets/Conifers [BOTD]/Render Pipeline Support/Built-in RP/Sources/Materials/M Conifer Bark Array BODT.mat using Guid(a7e78992c7c5347a29bb4ad9b987be59) Importer(815301076,1909f56bfc062723c751e8b465ee728b)  -> (artifact id: 'fa8ba7c0ba1a1ba6e0c5bd9ac96b1835') in 0.301413 seconds 
  Import took 0.309744 seconds .

========================================================================
Received Import Request.
  Time since last request: 0.000272 seconds.
  path: Packages/com.unity.searcher/Editor/Resources/FlatSkin/Font/Roboto-BlackItalic.ttf
  artifactKey: Guid(f95147a9bab9fe649b8070170fa7ebd2) Importer(815301076,1909f56bfc062723c751e8b465ee728b)
Start importing Packages/com.unity.searcher/Editor/Resources/FlatSkin/Font/Roboto-BlackItalic.ttf using Guid(f95147a9bab9fe649b8070170fa7ebd2) Importer(815301076,1909f56bfc062723c751e8b465ee728b)  -> (artifact id: 'ddc7a1065dfd918bae9c7058949d93c1') in 0.029488 seconds 
  Import took 0.036230 seconds .

========================================================================
Received Import Request.
  Time since last request: 0.000263 seconds.
  path: Assets/Unity Demo/ExampleAssets/Materials/Plastic_Rough_Mat.mat
  artifactKey: Guid(a5aaee4111611af43b5abbff184fe5fa) Importer(815301076,1909f56bfc062723c751e8b465ee728b)
Start importing Assets/Unity Demo/ExampleAssets/Materials/Plastic_Rough_Mat.mat using Guid(a5aaee4111611af43b5abbff184fe5fa) Importer(815301076,1909f56bfc062723c751e8b465ee728b)  -> (artifact id: '53e2c7bb62751deaa49229dd8ecd8d69') in 0.039885 seconds 
  Import took 0.047600 seconds .

========================================================================
Received Import Request.
  Time since last request: 0.000379 seconds.
  path: Packages/com.unity.render-pipelines.universal/Runtime/Materials/ParticlesUnlit.mat
  artifactKey: Guid(e823cd5b5d27c0f4b8256e7c12ee3e6d) Importer(815301076,1909f56bfc062723c751e8b465ee728b)
Start importing Packages/com.unity.render-pipelines.universal/Runtime/Materials/ParticlesUnlit.mat using Guid(e823cd5b5d27c0f4b8256e7c12ee3e6d) Importer(815301076,1909f56bfc062723c751e8b465ee728b)  -> (artifact id: 'a6d3bac30e0c3da08768836858914317') in 0.026867 seconds 
  Import took 0.034908 seconds .

========================================================================
Received Import Request.
  Time since last request: 0.000297 seconds.
  path: Assets/Unity Demo/ExampleAssets/Materials/Strap_Mat.mat
  artifactKey: Guid(81c1860e7800e5340bf8a54c565ba9ea) Importer(815301076,1909f56bfc062723c751e8b465ee728b)
Start importing Assets/Unity Demo/ExampleAssets/Materials/Strap_Mat.mat using Guid(81c1860e7800e5340bf8a54c565ba9ea) Importer(815301076,1909f56bfc062723c751e8b465ee728b)  -> (artifact id: 'd11d901728203bf674ad767953a8988a') in 0.040432 seconds 
  Import took 0.048687 seconds .

========================================================================
Received Import Request.
  Time since last request: 0.000316 seconds.
  path: Assets/Building/Casita3/Railing.mat
  artifactKey: Guid(ee192d24a68dddf4d9419d2e92713f12) Importer(815301076,1909f56bfc062723c751e8b465ee728b)
Start importing Assets/Building/Casita3/Railing.mat using Guid(ee192d24a68dddf4d9419d2e92713f12) Importer(815301076,1909f56bfc062723c751e8b465ee728b)  -> (artifact id: 'f4d9f58128e37572ebeab3db8b92c9e0') in 0.044998 seconds 
  Import took 0.053984 seconds .

========================================================================
Received Import Request.
  Time since last request: 0.000274 seconds.
  path: Assets/Building/Casita3/Techo.mat
  artifactKey: Guid(3c38f7be8b2934546a8d2ee079c79705) Importer(815301076,1909f56bfc062723c751e8b465ee728b)
Start importing Assets/Building/Casita3/Techo.mat using Guid(3c38f7be8b2934546a8d2ee079c79705) Importer(815301076,1909f56bfc062723c751e8b465ee728b)  -> (artifact id: '75b71842647ca719c951b464b53f33a9') in 0.055813 seconds 
  Import took 0.063665 seconds .

========================================================================
Received Import Request.
  Time since last request: 0.000195 seconds.
  path: Assets/Building/Casita3/House.mat
  artifactKey: Guid(c893508ea677620429288ce4d8b1723b) Importer(815301076,1909f56bfc062723c751e8b465ee728b)
Start importing Assets/Building/Casita3/House.mat using Guid(c893508ea677620429288ce4d8b1723b) Importer(815301076,1909f56bfc062723c751e8b465ee728b)  -> (artifact id: 'b221e71cee42ea67165f80c3c4359100') in 0.052571 seconds 
  Import took 0.060109 seconds .

========================================================================
Received Import Request.
  Time since last request: 0.000200 seconds.
  path: Assets/Models/Rocks/New Material.mat
  artifactKey: Guid(89af7e0b02a8b1740b05180c704b6ec7) Importer(815301076,1909f56bfc062723c751e8b465ee728b)
Start importing Assets/Models/Rocks/New Material.mat using Guid(89af7e0b02a8b1740b05180c704b6ec7) Importer(815301076,1909f56bfc062723c751e8b465ee728b)  -> (artifact id: '928aa7d67804f6cca15034081c99797c') in 0.045761 seconds 
  Import took 0.052616 seconds .

========================================================================
Received Import Request.
  Time since last request: 0.000194 seconds.
  path: Packages/com.unity.searcher/Editor/Resources/FlatSkin/Font/Roboto-Bold.ttf
  artifactKey: Guid(3750c318f40cab44a97d3a81beaefeb3) Importer(815301076,1909f56bfc062723c751e8b465ee728b)
Start importing Packages/com.unity.searcher/Editor/Resources/FlatSkin/Font/Roboto-Bold.ttf using Guid(3750c318f40cab44a97d3a81beaefeb3) Importer(815301076,1909f56bfc062723c751e8b465ee728b)  -> (artifact id: '0555eee1a6dae1664330da9e68c50651') in 0.030970 seconds 
  Import took 0.039235 seconds .

========================================================================
Received Import Request.
  Time since last request: 0.000229 seconds.
  path: Assets/Building/Casita4/Gears.mat
  artifactKey: Guid(398653d87f810af48891dd4b880d0d7c) Importer(815301076,1909f56bfc062723c751e8b465ee728b)
Start importing Assets/Building/Casita4/Gears.mat using Guid(398653d87f810af48891dd4b880d0d7c) Importer(815301076,1909f56bfc062723c751e8b465ee728b)  -> (artifact id: '39636eec251d7457ac35b6b126f405f0') in 0.038854 seconds 
  Import took 0.045495 seconds .

========================================================================
Received Import Request.
  Time since last request: 0.000181 seconds.
  path: Assets/Building/Barrel/Barrel/Metallic.mat
  artifactKey: Guid(68a98404bc17b24459aa4c8ec57c9cc7) Importer(815301076,1909f56bfc062723c751e8b465ee728b)
Start importing Assets/Building/Barrel/Barrel/Metallic.mat using Guid(68a98404bc17b24459aa4c8ec57c9cc7) Importer(815301076,1909f56bfc062723c751e8b465ee728b)  -> (artifact id: '66163ef45881f33d4efaf7b1ec6aace0') in 0.034384 seconds 
  Import took 0.040854 seconds .

========================================================================
Received Import Request.
  Time since last request: 0.000228 seconds.
  path: Assets/Building/Hueco/Hueco.mat
  artifactKey: Guid(bb65a8e5a89c8e946bbb7f9b006efcad) Importer(815301076,1909f56bfc062723c751e8b465ee728b)
Start importing Assets/Building/Hueco/Hueco.mat using Guid(bb65a8e5a89c8e946bbb7f9b006efcad) Importer(815301076,1909f56bfc062723c751e8b465ee728b)  -> (artifact id: '325739bf47afc09ba99e8dbd553d1e5a') in 0.042866 seconds 
  Import took 0.051584 seconds .

========================================================================
Received Import Request.
  Time since last request: 0.000183 seconds.
  path: Assets/Unity Demo/ExampleAssets/Materials/Plastic_Yellow_Mat.mat
  artifactKey: Guid(bd2d742ee2ce7a740ae0cf992a38be74) Importer(815301076,1909f56bfc062723c751e8b465ee728b)
Start importing Assets/Unity Demo/ExampleAssets/Materials/Plastic_Yellow_Mat.mat using Guid(bd2d742ee2ce7a740ae0cf992a38be74) Importer(815301076,1909f56bfc062723c751e8b465ee728b)  -> (artifact id: 'e0aea970df37e5b06ea24b2775ed3d76') in 0.015238 seconds 
  Import took 0.022983 seconds .

========================================================================
Received Import Request.
  Time since last request: 0.000234 seconds.
  path: Packages/com.unity.searcher/Editor/Resources/FlatSkin/Font/Roboto-Italic.ttf
  artifactKey: Guid(c839255fc8f6b4b4d90bf8c1af9f9bd1) Importer(815301076,1909f56bfc062723c751e8b465ee728b)
Start importing Packages/com.unity.searcher/Editor/Resources/FlatSkin/Font/Roboto-Italic.ttf using Guid(c839255fc8f6b4b4d90bf8c1af9f9bd1) Importer(815301076,1909f56bfc062723c751e8b465ee728b)  -> (artifact id: '714915796405489b4b46d719b882b77d') in 0.032158 seconds 
  Import took 0.042279 seconds .

========================================================================
Received Import Request.
  Time since last request: 0.000240 seconds.
  path: Packages/com.unity.searcher/Editor/Resources/FlatSkin/Font/Roboto-ThinItalic.ttf
  artifactKey: Guid(b2ea3b3f1765e544b9eb5bd1a93a91ce) Importer(815301076,1909f56bfc062723c751e8b465ee728b)
Start importing Packages/com.unity.searcher/Editor/Resources/FlatSkin/Font/Roboto-ThinItalic.ttf using Guid(b2ea3b3f1765e544b9eb5bd1a93a91ce) Importer(815301076,1909f56bfc062723c751e8b465ee728b)  -> (artifact id: 'ef2dad4445f4d663feb289b2508c93eb') in 0.026423 seconds 
  Import took 0.035265 seconds .

========================================================================
Received Import Request.
  Time since last request: 0.000324 seconds.
  path: Assets/Unity Demo/Materials/Skybox_Mat.mat
  artifactKey: Guid(0ffaa0b7117ba8c47a9d05ae701d4b4d) Importer(815301076,1909f56bfc062723c751e8b465ee728b)
Start importing Assets/Unity Demo/Materials/Skybox_Mat.mat using Guid(0ffaa0b7117ba8c47a9d05ae701d4b4d) Importer(815301076,1909f56bfc062723c751e8b465ee728b)  -> (artifact id: 'f1e587b2d9f39b4a8da249a6a8f56a44') in 0.025684 seconds 
  Import took 0.034500 seconds .

========================================================================
Received Import Request.
  Time since last request: 0.000276 seconds.
  path: Assets/Conifers [BOTD]/Render Pipeline Support/Built-in RP/Sources/Materials/M Conifer Bark Simple BODT.mat
  artifactKey: Guid(fcbc9e998124d414da7cb0d951f649a3) Importer(815301076,1909f56bfc062723c751e8b465ee728b)
Start importing Assets/Conifers [BOTD]/Render Pipeline Support/Built-in RP/Sources/Materials/M Conifer Bark Simple BODT.mat using Guid(fcbc9e998124d414da7cb0d951f649a3) Importer(815301076,1909f56bfc062723c751e8b465ee728b)  -> (artifact id: 'fae237ed89e917d031f5821b608db437') in 0.060942 seconds 
  Import took 0.068250 seconds .

========================================================================
Received Import Request.
  Time since last request: 0.000261 seconds.
  path: Assets/Models/Tree/Leaves_Mat 1.mat
  artifactKey: Guid(061f7b6bf769a9c4db7326dcc4f41457) Importer(815301076,1909f56bfc062723c751e8b465ee728b)
Start importing Assets/Models/Tree/Leaves_Mat 1.mat using Guid(061f7b6bf769a9c4db7326dcc4f41457) Importer(815301076,1909f56bfc062723c751e8b465ee728b)  -> (artifact id: 'f12e412679e321572674182688290be4') in 0.037462 seconds 
  Import took 0.044010 seconds .

========================================================================
Received Import Request.
  Time since last request: 0.000402 seconds.
  path: Assets/Materials/Player_Mat.mat
  artifactKey: Guid(1d0b0fe168a45844ab7320146c394390) Importer(815301076,1909f56bfc062723c751e8b465ee728b)
Start importing Assets/Materials/Player_Mat.mat using Guid(1d0b0fe168a45844ab7320146c394390) Importer(815301076,1909f56bfc062723c751e8b465ee728b)  -> (artifact id: 'bdf1e880e5f9fd045273467fa90ac11b') in 0.020203 seconds 
  Import took 0.028827 seconds .

========================================================================
Received Import Request.
  Time since last request: 0.000275 seconds.
  path: Assets/Building/House1/House1.mat
  artifactKey: Guid(dec1b45f8d76c6c4ca1635b46ee0590c) Importer(815301076,1909f56bfc062723c751e8b465ee728b)
Start importing Assets/Building/House1/House1.mat using Guid(dec1b45f8d76c6c4ca1635b46ee0590c) Importer(815301076,1909f56bfc062723c751e8b465ee728b)  -> (artifact id: '43b4cac9c142108e6a013c51c328dc45') in 0.043418 seconds 
  Import took 0.051125 seconds .

========================================================================
Received Import Request.
  Time since last request: 0.000267 seconds.
  path: Assets/Building/ParkBench/Costados.mat
  artifactKey: Guid(792fe00d2aee675419d0bd2c751951b0) Importer(815301076,1909f56bfc062723c751e8b465ee728b)
Start importing Assets/Building/ParkBench/Costados.mat using Guid(792fe00d2aee675419d0bd2c751951b0) Importer(815301076,1909f56bfc062723c751e8b465ee728b)  -> (artifact id: '511cd26c12c138fb10fa28a58e1bf12b') in 0.041862 seconds 
  Import took 0.049232 seconds .

========================================================================
Received Import Request.
  Time since last request: 0.000283 seconds.
  path: Assets/Unity Demo/ExampleAssets/Materials/Plastic_Black_Mat.mat
  artifactKey: Guid(e745492728544aa488aa0429b6068e71) Importer(815301076,1909f56bfc062723c751e8b465ee728b)
Start importing Assets/Unity Demo/ExampleAssets/Materials/Plastic_Black_Mat.mat using Guid(e745492728544aa488aa0429b6068e71) Importer(815301076,1909f56bfc062723c751e8b465ee728b)  -> (artifact id: 'de61db4033a54834e2c2cf435677b20a') in 0.020221 seconds 
  Import took 0.028739 seconds .

========================================================================
Received Import Request.
  Time since last request: 0.000234 seconds.
  path: Assets/Building/Casita4/House.mat
  artifactKey: Guid(2986abf412f88bc469ab00b426665cdf) Importer(815301076,1909f56bfc062723c751e8b465ee728b)
Start importing Assets/Building/Casita4/House.mat using Guid(2986abf412f88bc469ab00b426665cdf) Importer(815301076,1909f56bfc062723c751e8b465ee728b)  -> (artifact id: '36b6dd7b9f5d66a6641db031a5f4d1ca') in 0.040585 seconds 
  Import took 0.048301 seconds .

========================================================================
Received Import Request.
  Time since last request: 0.000236 seconds.
  path: Assets/Unity Demo/ExampleAssets/Materials/Plastic_White_Mat.mat
  artifactKey: Guid(6cfe423139c361a459da7ed9831d4b1c) Importer(815301076,1909f56bfc062723c751e8b465ee728b)
Start importing Assets/Unity Demo/ExampleAssets/Materials/Plastic_White_Mat.mat using Guid(6cfe423139c361a459da7ed9831d4b1c) Importer(815301076,1909f56bfc062723c751e8b465ee728b)  -> (artifact id: '6b844c92f2d1db720ee5117df0c6da6d') in 0.024123 seconds 
  Import took 0.032124 seconds .

========================================================================
Received Import Request.
  Time since last request: 0.000246 seconds.
  path: Assets/Unity Demo/ExampleAssets/Materials/Paint1G_WAnim_Material.mat
  artifactKey: Guid(55c183dc45153be48a45c4e530127fb3) Importer(815301076,1909f56bfc062723c751e8b465ee728b)
Start importing Assets/Unity Demo/ExampleAssets/Materials/Paint1G_WAnim_Material.mat using Guid(55c183dc45153be48a45c4e530127fb3) Importer(815301076,1909f56bfc062723c751e8b465ee728b)  -> (artifact id: '2eaca86f739e7605c6d99ff1761804de') in 0.075227 seconds 
  Import took 0.083214 seconds .

========================================================================
Received Import Request.
  Time since last request: 0.000313 seconds.
  path: Packages/com.unity.searcher/Editor/Resources/FlatSkin/Font/Roboto-Medium.ttf
  artifactKey: Guid(a51a3aebb43ac044989270407476b208) Importer(815301076,1909f56bfc062723c751e8b465ee728b)
Start importing Packages/com.unity.searcher/Editor/Resources/FlatSkin/Font/Roboto-Medium.ttf using Guid(a51a3aebb43ac044989270407476b208) Importer(815301076,1909f56bfc062723c751e8b465ee728b)  -> (artifact id: '902242e115a183ce41f871a740ac435e') in 0.026193 seconds 
  Import took 0.034294 seconds .

========================================================================
Received Import Request.
  Time since last request: 0.000218 seconds.
  path: Assets/Unity Demo/ExampleAssets/Materials/PaintBrush_Mat.mat
  artifactKey: Guid(539165557a9d3744680bb21164bea45e) Importer(815301076,1909f56bfc062723c751e8b465ee728b)
Start importing Assets/Unity Demo/ExampleAssets/Materials/PaintBrush_Mat.mat using Guid(539165557a9d3744680bb21164bea45e) Importer(815301076,1909f56bfc062723c751e8b465ee728b)  -> (artifact id: '2b4176b07b09406cbc00e0943cf2df4e') in 0.048778 seconds 
  Import took 0.055305 seconds .

========================================================================
Received Import Request.
  Time since last request: 0.000207 seconds.
  path: Assets/Building/Barrel/Barrel 2/Corcho_Barrel2.mat
  artifactKey: Guid(acd01a9c4e78f3142a6f3926661014ca) Importer(815301076,1909f56bfc062723c751e8b465ee728b)
Start importing Assets/Building/Barrel/Barrel 2/Corcho_Barrel2.mat using Guid(acd01a9c4e78f3142a6f3926661014ca) Importer(815301076,1909f56bfc062723c751e8b465ee728b)  -> (artifact id: '619aa45de308bf38312ae9ee830513d9') in 0.042198 seconds 
  Import took 0.049914 seconds .

========================================================================
Received Import Request.
  Time since last request: 0.000370 seconds.
  path: Packages/com.unity.searcher/Editor/Resources/FlatSkin/Font/Roboto-Light.ttf
  artifactKey: Guid(2a29e27936eb547458f646f71125b264) Importer(815301076,1909f56bfc062723c751e8b465ee728b)
Start importing Packages/com.unity.searcher/Editor/Resources/FlatSkin/Font/Roboto-Light.ttf using Guid(2a29e27936eb547458f646f71125b264) Importer(815301076,1909f56bfc062723c751e8b465ee728b)  -> (artifact id: 'a763c6bf2cea5b90d6a812dc1ee5d082') in 0.024224 seconds 
  Import took 0.032651 seconds .

========================================================================
Received Import Request.
  Time since last request: 0.000338 seconds.
  path: Packages/com.unity.searcher/Editor/Resources/FlatSkin/Font/Roboto-LightItalic.ttf
  artifactKey: Guid(5e63515167650a541b309ba3bfd4db3d) Importer(815301076,1909f56bfc062723c751e8b465ee728b)
Start importing Packages/com.unity.searcher/Editor/Resources/FlatSkin/Font/Roboto-LightItalic.ttf using Guid(5e63515167650a541b309ba3bfd4db3d) Importer(815301076,1909f56bfc062723c751e8b465ee728b)  -> (artifact id: 'e42701aa2754ddcfdfde0474c14b7657') in 0.026402 seconds 
  Import took 0.036037 seconds .

========================================================================
Received Import Request.
  Time since last request: 0.000256 seconds.
  path: Assets/Building/Casita3/Door.mat
  artifactKey: Guid(42e2e6539c99c554ba0cd73343d5cacc) Importer(815301076,1909f56bfc062723c751e8b465ee728b)
Start importing Assets/Building/Casita3/Door.mat using Guid(42e2e6539c99c554ba0cd73343d5cacc) Importer(815301076,1909f56bfc062723c751e8b465ee728b)  -> (artifact id: '420c4e313c1c2363ff289881a3f10a77') in 0.046433 seconds 
  Import took 0.056701 seconds .

========================================================================
Received Import Request.
  Time since last request: 75.752172 seconds.
  path: Assets/Images/Gear_7.svg.png
  artifactKey: Guid(9407b401e765456488d3ee4a610b3c75) Importer(815301076,1909f56bfc062723c751e8b465ee728b)
Start importing Assets/Images/Gear_7.svg.png using Guid(9407b401e765456488d3ee4a610b3c75) Importer(815301076,1909f56bfc062723c751e8b465ee728b)  -> (artifact id: '77c2ec30a1f62bdf436e6a5748d70639') in 0.098638 seconds 
  Import took 0.107190 seconds .

========================================================================
Received Import Request.
  Time since last request: 0.000284 seconds.
  path: Assets/Images/unnamed.png
  artifactKey: Guid(49a0e800b8103284487356a18bb41401) Importer(815301076,1909f56bfc062723c751e8b465ee728b)
Start importing Assets/Images/unnamed.png using Guid(49a0e800b8103284487356a18bb41401) Importer(815301076,1909f56bfc062723c751e8b465ee728b)  -> (artifact id: '290e416fa9d12c93880ba00b2e21f337') in 0.024926 seconds 
  Import took 0.034062 seconds .

========================================================================
Received Import Request.
  Time since last request: 3.268623 seconds.
  path: Assets/Prefabs/Spider2.0.prefab
  artifactKey: Guid(fd0094a83d0326842926b93f865c756c) Importer(815301076,1909f56bfc062723c751e8b465ee728b)
Start importing Assets/Prefabs/Spider2.0.prefab using Guid(fd0094a83d0326842926b93f865c756c) Importer(815301076,1909f56bfc062723c751e8b465ee728b)  -> (artifact id: 'fa312f94aea74fd33f33da4890c49f7b') in 0.216954 seconds 
  Import took 0.226621 seconds .

========================================================================
Received Import Request.
  Time since last request: 9.781137 seconds.
  path: Assets/Scenes/Level.unity
  artifactKey: Guid(d1ad316326c61cf4abdec245a836866a) Importer(815301076,1909f56bfc062723c751e8b465ee728b)
Start importing Assets/Scenes/Level.unity using Guid(d1ad316326c61cf4abdec245a836866a) Importer(815301076,1909f56bfc062723c751e8b465ee728b)  -> (artifact id: '82b93fa74d4a9f423a17206d7623d2fc') in 0.009047 seconds 
  Import took 0.016508 seconds .

========================================================================
Received Import Request.
  Time since last request: 11.677702 seconds.
  path: Assets/Animaciones/Pro Sword and Shield Pack/draw sword 1.fbx
  artifactKey: Guid(02d4e0f2b5a19974789206871f47ee7c) Importer(815301076,1909f56bfc062723c751e8b465ee728b)
Start importing Assets/Animaciones/Pro Sword and Shield Pack/draw sword 1.fbx using Guid(02d4e0f2b5a19974789206871f47ee7c) Importer(815301076,1909f56bfc062723c751e8b465ee728b)  -> (artifact id: 'c3af5bada381ede0085d0f00b7508188') in 0.059796 seconds 
  Import took 0.070109 seconds .

========================================================================
Received Import Request.
  Time since last request: 0.000242 seconds.
  path: Assets/Animaciones/Pro Sword and Shield Pack/sheath sword 2.fbx
  artifactKey: Guid(e82c71f34fec5a543be9c27e745da212) Importer(815301076,1909f56bfc062723c751e8b465ee728b)
Start importing Assets/Animaciones/Pro Sword and Shield Pack/sheath sword 2.fbx using Guid(e82c71f34fec5a543be9c27e745da212) Importer(815301076,1909f56bfc062723c751e8b465ee728b)  -> (artifact id: '222fe3b709c7906a0cc5a4c3cf75089e') in 0.026905 seconds 
  Import took 0.038366 seconds .

========================================================================
Received Import Request.
  Time since last request: 0.000276 seconds.
  path: Assets/Animaciones/Pro Sword and Shield Pack/sword and shield casting.fbx
  artifactKey: Guid(2de39b0990aab3144adf78da8fb3587c) Importer(815301076,1909f56bfc062723c751e8b465ee728b)
Start importing Assets/Animaciones/Pro Sword and Shield Pack/sword and shield casting.fbx using Guid(2de39b0990aab3144adf78da8fb3587c) Importer(815301076,1909f56bfc062723c751e8b465ee728b)  -> (artifact id: '7ce74e4696ebe35f8422d8fac545ef51') in 0.029440 seconds 
  Import took 0.039926 seconds .

========================================================================
Received Import Request.
  Time since last request: 0.000241 seconds.
  path: Assets/Animaciones/Pro Sword and Shield Pack/sword and shield block idle.fbx
  artifactKey: Guid(f39694f7cd0f1f244b9878ce90e12a26) Importer(815301076,1909f56bfc062723c751e8b465ee728b)
Start importing Assets/Animaciones/Pro Sword and Shield Pack/sword and shield block idle.fbx using Guid(f39694f7cd0f1f244b9878ce90e12a26) Importer(815301076,1909f56bfc062723c751e8b465ee728b)  -> (artifact id: '3c106fcd62f5a49a044668d1a18ef8b9') in 0.025270 seconds 
  Import took 0.039385 seconds .

========================================================================
Received Import Request.
  Time since last request: 0.000320 seconds.
  path: Assets/Animaciones/Pro Sword and Shield Pack/sword and shield block.fbx
  artifactKey: Guid(44ed9de55c8f1d8469e80ef22dfceb2c) Importer(815301076,1909f56bfc062723c751e8b465ee728b)
Start importing Assets/Animaciones/Pro Sword and Shield Pack/sword and shield block.fbx using Guid(44ed9de55c8f1d8469e80ef22dfceb2c) Importer(815301076,1909f56bfc062723c751e8b465ee728b)  -> (artifact id: 'd1655e362b51ad3de7a7d40e9d4720bb') in 0.027591 seconds 
  Import took 0.039375 seconds .

========================================================================
Received Import Request.
  Time since last request: 0.000334 seconds.
  path: Assets/Animaciones/Pro Sword and Shield Pack/sword and shield crouch block idle.fbx
  artifactKey: Guid(fb0d66826f734a242af697060849af11) Importer(815301076,1909f56bfc062723c751e8b465ee728b)
Start importing Assets/Animaciones/Pro Sword and Shield Pack/sword and shield crouch block idle.fbx using Guid(fb0d66826f734a242af697060849af11) Importer(815301076,1909f56bfc062723c751e8b465ee728b)  -> (artifact id: '3d1194507646eea56f6aea008dac8949') in 0.025589 seconds 
  Import took 0.033988 seconds .

========================================================================
Received Import Request.
  Time since last request: 0.000231 seconds.
  path: Assets/Animaciones/Pro Sword and Shield Pack/sword and shield attack.fbx
  artifactKey: Guid(80fc845ec55857c4d96c256b0ef06a02) Importer(815301076,1909f56bfc062723c751e8b465ee728b)
Start importing Assets/Animaciones/Pro Sword and Shield Pack/sword and shield attack.fbx using Guid(80fc845ec55857c4d96c256b0ef06a02) Importer(815301076,1909f56bfc062723c751e8b465ee728b)  -> (artifact id: 'edf895b4ada247e717821c0ece195640') in 0.029264 seconds 
  Import took 0.036894 seconds .

========================================================================
Received Import Request.
  Time since last request: 0.000266 seconds.
  path: Assets/Animaciones/Pro Sword and Shield Pack/sword and shield attack (2).fbx
  artifactKey: Guid(eccedf394d643bf499e247e074850142) Importer(815301076,1909f56bfc062723c751e8b465ee728b)
Start importing Assets/Animaciones/Pro Sword and Shield Pack/sword and shield attack (2).fbx using Guid(eccedf394d643bf499e247e074850142) Importer(815301076,1909f56bfc062723c751e8b465ee728b)  -> (artifact id: 'eb3caac5539847c9f8709ba606b6f2fc') in 0.026377 seconds 
  Import took 0.036841 seconds .

========================================================================
Received Import Request.
  Time since last request: 0.000218 seconds.
  path: Assets/Building/Box/Box.prefab
  artifactKey: Guid(10cc72e18b327a54ca1e57c59fb61e77) Importer(815301076,1909f56bfc062723c751e8b465ee728b)
Start importing Assets/Building/Box/Box.prefab using Guid(10cc72e18b327a54ca1e57c59fb61e77) Importer(815301076,1909f56bfc062723c751e8b465ee728b)  -> (artifact id: '221e820dccec5612ee61d35f1dac1bab') in 0.013037 seconds 
  Import took 0.020006 seconds .

========================================================================
Received Import Request.
  Time since last request: 0.000246 seconds.
  path: Assets/Animaciones/Pro Sword and Shield Pack/sword and shield block (2).fbx
  artifactKey: Guid(423619bdf755f854ea2a2b1a8ac329b2) Importer(815301076,1909f56bfc062723c751e8b465ee728b)
Start importing Assets/Animaciones/Pro Sword and Shield Pack/sword and shield block (2).fbx using Guid(423619bdf755f854ea2a2b1a8ac329b2) Importer(815301076,1909f56bfc062723c751e8b465ee728b)  -> (artifact id: 'd566ea9d85ec4618546d9fc898a18156') in 0.023026 seconds 
  Import took 0.031092 seconds .

========================================================================
Received Import Request.
  Time since last request: 0.000251 seconds.
  path: Assets/Animaciones/Pro Sword and Shield Pack/sheath sword 1.fbx
  artifactKey: Guid(285b62e32f673984fad62d18c45d10bc) Importer(815301076,1909f56bfc062723c751e8b465ee728b)
Start importing Assets/Animaciones/Pro Sword and Shield Pack/sheath sword 1.fbx using Guid(285b62e32f673984fad62d18c45d10bc) Importer(815301076,1909f56bfc062723c751e8b465ee728b)  -> (artifact id: 'fa37dbdc2645dc23db122493eadf0603') in 0.018688 seconds 
  Import took 0.025249 seconds .

========================================================================
Received Import Request.
  Time since last request: 0.000239 seconds.
  path: Assets/Animaciones/Pro Sword and Shield Pack/sword and shield casting (2).fbx
  artifactKey: Guid(5d5a4a66c104ad841b28ac6b76021667) Importer(815301076,1909f56bfc062723c751e8b465ee728b)
Start importing Assets/Animaciones/Pro Sword and Shield Pack/sword and shield casting (2).fbx using Guid(5d5a4a66c104ad841b28ac6b76021667) Importer(815301076,1909f56bfc062723c751e8b465ee728b)  -> (artifact id: '6d591d4932ee44d72aab8aaf81b9b2c4') in 0.021927 seconds 
  Import took 0.033213 seconds .

========================================================================
Received Import Request.
  Time since last request: 0.000290 seconds.
  path: Assets/Animaciones/Pro Sword and Shield Pack/sword and shield attack (4).fbx
  artifactKey: Guid(dcdeeb91497322c40a73ae516cc4a568) Importer(815301076,1909f56bfc062723c751e8b465ee728b)
Start importing Assets/Animaciones/Pro Sword and Shield Pack/sword and shield attack (4).fbx using Guid(dcdeeb91497322c40a73ae516cc4a568) Importer(815301076,1909f56bfc062723c751e8b465ee728b)  -> (artifact id: '882d6546611ac8f9105383ad8d948cd1') in 0.020423 seconds 
  Import took 0.030114 seconds .

========================================================================
Received Import Request.
  Time since last request: 0.000290 seconds.
  path: Assets/Animaciones/Pro Sword and Shield Pack/sword and shield 180 turn.fbx
  artifactKey: Guid(8ffa53e0e9be0324db926578b6aefae3) Importer(815301076,1909f56bfc062723c751e8b465ee728b)
Start importing Assets/Animaciones/Pro Sword and Shield Pack/sword and shield 180 turn.fbx using Guid(8ffa53e0e9be0324db926578b6aefae3) Importer(815301076,1909f56bfc062723c751e8b465ee728b)  -> (artifact id: '612e8f93e7c14251dc2f5977fac6fd38') in 0.017671 seconds 
  Import took 0.029984 seconds .

========================================================================
Received Import Request.
  Time since last request: 0.000253 seconds.
  path: Assets/Building/Obelisk.prefab
  artifactKey: Guid(443b5f9f581e11b4c9cc1e20b22e9e4f) Importer(815301076,1909f56bfc062723c751e8b465ee728b)
Start importing Assets/Building/Obelisk.prefab using Guid(443b5f9f581e11b4c9cc1e20b22e9e4f) Importer(815301076,1909f56bfc062723c751e8b465ee728b)  -> (artifact id: '576d9c83bccece2adebf4dd9ec3091c1') in 0.018705 seconds 
  Import took 0.029064 seconds .

========================================================================
Received Import Request.
  Time since last request: 0.000298 seconds.
  path: Assets/Animaciones/Pro Sword and Shield Pack/sword and shield crouch block (2).fbx
  artifactKey: Guid(63d89f19f0148b649ba693d1cc65f92e) Importer(815301076,1909f56bfc062723c751e8b465ee728b)
Start importing Assets/Animaciones/Pro Sword and Shield Pack/sword and shield crouch block (2).fbx using Guid(63d89f19f0148b649ba693d1cc65f92e) Importer(815301076,1909f56bfc062723c751e8b465ee728b)  -> (artifact id: '8af07dc6dd127535beb13d2269bfc50a') in 0.018568 seconds 
  Import took 0.028961 seconds .

========================================================================
Received Import Request.
  Time since last request: 0.000285 seconds.
  path: Assets/Animaciones/Pro Sword and Shield Pack/draw sword 2.fbx
  artifactKey: Guid(b0af373f8958c0840b3d266537c257e8) Importer(815301076,1909f56bfc062723c751e8b465ee728b)
Start importing Assets/Animaciones/Pro Sword and Shield Pack/draw sword 2.fbx using Guid(b0af373f8958c0840b3d266537c257e8) Importer(815301076,1909f56bfc062723c751e8b465ee728b)  -> (artifact id: 'ab84d56223b9bc32ff1030a88653e689') in 0.030164 seconds 
  Import took 0.040714 seconds .

========================================================================
Received Import Request.
  Time since last request: 0.000250 seconds.
  path: Assets/Animaciones/Pro Sword and Shield Pack/sword and shield 180 turn (2).fbx
  artifactKey: Guid(176273dcc56ba3543920dce21f284df9) Importer(815301076,1909f56bfc062723c751e8b465ee728b)
Start importing Assets/Animaciones/Pro Sword and Shield Pack/sword and shield 180 turn (2).fbx using Guid(176273dcc56ba3543920dce21f284df9) Importer(815301076,1909f56bfc062723c751e8b465ee728b)  -> (artifact id: 'f028e250c1d7f81b7de38631cd677d91') in 0.027730 seconds 
  Import took 0.036330 seconds .

========================================================================
Received Import Request.
  Time since last request: 0.000278 seconds.
  path: Assets/Animaciones/Pro Sword and Shield Pack/sword and shield crouch.fbx
  artifactKey: Guid(2f8ffd12e0549d740ab43ebe2565b579) Importer(815301076,1909f56bfc062723c751e8b465ee728b)
Start importing Assets/Animaciones/Pro Sword and Shield Pack/sword and shield crouch.fbx using Guid(2f8ffd12e0549d740ab43ebe2565b579) Importer(815301076,1909f56bfc062723c751e8b465ee728b)  -> (artifact id: '6db47167a82400d71711f82b778a7aad') in 0.031536 seconds 
  Import took 0.042327 seconds .

========================================================================
Received Import Request.
  Time since last request: 0.000279 seconds.
  path: Assets/Animaciones/Pro Sword and Shield Pack/sword and shield attack (3).fbx
  artifactKey: Guid(64b6500b2f4c8f140840968a2c1514a0) Importer(815301076,1909f56bfc062723c751e8b465ee728b)
Start importing Assets/Animaciones/Pro Sword and Shield Pack/sword and shield attack (3).fbx using Guid(64b6500b2f4c8f140840968a2c1514a0) Importer(815301076,1909f56bfc062723c751e8b465ee728b)  -> (artifact id: 'a9c5d41070c14e56f7d12e3ca2588c35') in 0.031727 seconds 
  Import took 0.039134 seconds .

========================================================================
Received Import Request.
  Time since last request: 0.000289 seconds.
  path: Assets/Animaciones/Pro Sword and Shield Pack/sword and shield crouch idle.fbx
  artifactKey: Guid(f52bcd1386d62ee468130e375bd9ce5e) Importer(815301076,1909f56bfc062723c751e8b465ee728b)
Start importing Assets/Animaciones/Pro Sword and Shield Pack/sword and shield crouch idle.fbx using Guid(f52bcd1386d62ee468130e375bd9ce5e) Importer(815301076,1909f56bfc062723c751e8b465ee728b)  -> (artifact id: 'd6b59d77dd052a3d250c2afb5668fac9') in 0.020625 seconds 
  Import took 0.030497 seconds .

========================================================================
Received Import Request.
  Time since last request: 0.000212 seconds.
  path: Assets/Animaciones/Pro Sword and Shield Pack/sword and shield crouch block.fbx
  artifactKey: Guid(f78aa4b0187d52043b30e0ade8eff50a) Importer(815301076,1909f56bfc062723c751e8b465ee728b)
Start importing Assets/Animaciones/Pro Sword and Shield Pack/sword and shield crouch block.fbx using Guid(f78aa4b0187d52043b30e0ade8eff50a) Importer(815301076,1909f56bfc062723c751e8b465ee728b)  -> (artifact id: '7023b71c042b10d321369ca2f05f1ffc') in 0.035435 seconds 
  Import took 0.047831 seconds .

========================================================================
Received Prepare
Registering precompiled user dll's ...
Registered in 0.008593 seconds.
Begin MonoManager ReloadAssembly
Native extension for LinuxStandalone target not found
Native extension for WindowsStandalone target not found
Native extension for OSXStandalone target not found
Native extension for WebGL target not found
Refreshing native plugins compatible for Editor in 0.73 ms, found 2 plugins.
Preloading 0 native plugins for Editor in 0.00 ms.
Mono: successfully reloaded assembly
- Completed reload, in  1.694 seconds
Domain Reload Profiling:
	ReloadAssembly (1695ms)
		BeginReloadAssembly (167ms)
			ExecutionOrderSort (0ms)
			DisableScriptedObjects (9ms)
			BackupInstance (0ms)
			ReleaseScriptingObjects (0ms)
			CreateAndSetChildDomain (64ms)
		EndReloadAssembly (1468ms)
			LoadAssemblies (102ms)
			RebuildTransferFunctionScriptingTraits (0ms)
			SetupTypeCache (340ms)
			ReleaseScriptCaches (1ms)
			RebuildScriptCaches (75ms)
			SetupLoadedEditorAssemblies (799ms)
				LogAssemblyErrors (0ms)
				InitializePlatformSupportModulesInManaged (7ms)
				SetLoadedEditorAssemblies (1ms)
				RefreshPlugins (1ms)
				BeforeProcessingInitializeOnLoad (104ms)
				ProcessInitializeOnLoadAttributes (673ms)
				ProcessInitializeOnLoadMethodAttributes (8ms)
				AfterProcessingInitializeOnLoad (6ms)
				EditorAssembliesLoaded (0ms)
			ExecutionOrderSort2 (0ms)
			AwakeInstancesAfterBackupRestoration (14ms)
Platform modules already initialized, skipping
Refreshing native plugins compatible for Editor in 0.83 ms, found 2 plugins.
Preloading 0 native plugins for Editor in 0.00 ms.
Unloading 3710 Unused Serialized files (Serialized files now loaded: 0)
System memory in use before: 217.6 MB.
System memory in use after: 217.8 MB.

Unloading 19 unused Assets to reduce memory usage. Loaded Objects now: 4632.
Total: 5.458100 ms (FindLiveObjects: 0.926400 ms CreateObjectMapping: 0.445900 ms MarkObjects: 3.958400 ms  DeleteObjects: 0.126000 ms)

AssetImportParameters requested are different than current active one (requested -> active):
  custom:framework-win-MediaFoundation: 216162199b28c13a410421893ffa2e32 -> 
  custom:video-decoder-ogg-theora: a1e56fd34408186e4bbccfd4996cb3dc -> 
  custom:container-muxer-webm: aa71ff27fc2769a1b78a27578f13a17b -> 
  custom:container-demuxer-webm: 4f35f7cbe854078d1ac9338744f61a02 -> 
  custom:container-demuxer-ogg: 62fdf1f143b41e24485cea50d1cbac27 -> 
  custom:video-encoder-webm-vp8: eb34c28f22e8b96e1ab97ce403110664 -> 
  custom:video-decoder-webm-vp8: 9c59270c3fd7afecdb556c50c9e8de78 -> 
  custom:audio-decoder-ogg-vorbis: bf7c407c2cedff20999df2af8eb42d56 -> 
  custom:audio-encoder-webm-vorbis: bf7c407c2cedff20999df2af8eb42d56 -> 
AssetImportWorkerClient::OnTransportError - code=2 error=End of file
